\BOOKMARK [1][-]{section.1}{\376\377\000I\000n\000t\000r\000o\000d\000u\000c\000t\000i\000o\000n}{}% 1
\BOOKMARK [2][-]{subsection.1.1}{\376\377\000M\000o\000t\000i\000v\000a\000t\000i\000o\000n}{section.1}% 2
\BOOKMARK [2][-]{subsection.1.2}{\376\377\000B\000a\000c\000k\000g\000r\000o\000u\000n\000d}{section.1}% 3
\BOOKMARK [2][-]{subsection.1.3}{\376\377\000A\000l\000g\000o\000r\000i\000t\000h\000m}{section.1}% 4
\BOOKMARK [1][-]{section.2}{\376\377\000M\000e\000t\000h\000o\000d\000o\000l\000o\000g\000y}{}% 5
\BOOKMARK [1][-]{section.3}{\376\377\000R\000e\000s\000u\000l\000t\000s}{}% 6
\BOOKMARK [1][-]{section.4}{\376\377\000C\000o\000n\000c\000l\000u\000s\000i\000o\000n}{}% 7
\BOOKMARK [1][-]{section.5}{\376\377\000S\000u\000b\000m\000i\000s\000s\000i\000o\000n\000\040\000o\000f\000\040\000p\000a\000p\000e\000r\000s\000\040\000t\000o\000\040\000N\000e\000u\000r\000I\000P\000S\000\040\0002\0000\0002\0002}{}% 8
\BOOKMARK [2][-]{subsection.5.1}{\376\377\000S\000t\000y\000l\000e}{section.5}% 9
\BOOKMARK [2][-]{subsection.5.2}{\376\377\000R\000e\000t\000r\000i\000e\000v\000a\000l\000\040\000o\000f\000\040\000s\000t\000y\000l\000e\000\040\000f\000i\000l\000e\000s}{section.5}% 10
\BOOKMARK [1][-]{section.6}{\376\377\000G\000e\000n\000e\000r\000a\000l\000\040\000f\000o\000r\000m\000a\000t\000t\000i\000n\000g\000\040\000i\000n\000s\000t\000r\000u\000c\000t\000i\000o\000n\000s}{}% 11
\BOOKMARK [1][-]{section.7}{\376\377\000H\000e\000a\000d\000i\000n\000g\000s\000:\000\040\000f\000i\000r\000s\000t\000\040\000l\000e\000v\000e\000l}{}% 12
\BOOKMARK [2][-]{subsection.7.1}{\376\377\000H\000e\000a\000d\000i\000n\000g\000s\000:\000\040\000s\000e\000c\000o\000n\000d\000\040\000l\000e\000v\000e\000l}{section.7}% 13
\BOOKMARK [3][-]{subsubsection.7.1.1}{\376\377\000H\000e\000a\000d\000i\000n\000g\000s\000:\000\040\000t\000h\000i\000r\000d\000\040\000l\000e\000v\000e\000l}{subsection.7.1}% 14
\BOOKMARK [1][-]{section.8}{\376\377\000C\000i\000t\000a\000t\000i\000o\000n\000s\000,\000\040\000f\000i\000g\000u\000r\000e\000s\000,\000\040\000t\000a\000b\000l\000e\000s\000,\000\040\000r\000e\000f\000e\000r\000e\000n\000c\000e\000s}{}% 15
\BOOKMARK [2][-]{subsection.8.1}{\376\377\000C\000i\000t\000a\000t\000i\000o\000n\000s\000\040\000w\000i\000t\000h\000i\000n\000\040\000t\000h\000e\000\040\000t\000e\000x\000t}{section.8}% 16
\BOOKMARK [2][-]{subsection.8.2}{\376\377\000F\000o\000o\000t\000n\000o\000t\000e\000s}{section.8}% 17
\BOOKMARK [2][-]{subsection.8.3}{\376\377\000F\000i\000g\000u\000r\000e\000s}{section.8}% 18
\BOOKMARK [2][-]{subsection.8.4}{\376\377\000T\000a\000b\000l\000e\000s}{section.8}% 19
\BOOKMARK [1][-]{section.9}{\376\377\000F\000i\000n\000a\000l\000\040\000i\000n\000s\000t\000r\000u\000c\000t\000i\000o\000n\000s}{}% 20
\BOOKMARK [1][-]{section.10}{\376\377\000P\000r\000e\000p\000a\000r\000i\000n\000g\000\040\000P\000D\000F\000\040\000f\000i\000l\000e\000s}{}% 21
\BOOKMARK [2][-]{subsection.10.1}{\376\377\000M\000a\000r\000g\000i\000n\000s\000\040\000i\000n\000\040\000L\000a\000T\000e\000X}{section.10}% 22
\BOOKMARK [1][-]{appendix.A}{\376\377\000A\000p\000p\000e\000n\000d\000i\000x}{}% 23
